#
# A fatal error has been detected by the Java Runtime Environment:
#
#  EXCEPTION_ACCESS_VIOLATION (0xc0000005) at pc=0x00007ffc001e00aa, pid=3540, tid=11696
#
# JRE version: Java(TM) SE Runtime Environment (18.0.1.1+2) (build 18.0.1.1+2-6)
# Java VM: Java HotSpot(TM) 64-Bit Server VM (18.0.1.1+2-6, mixed mode, sharing, tiered, compressed oops, compressed class ptrs, g1 gc, windows-amd64)
# Problematic frame:
# V  [jvm.dll+0x7600aa]
#
# No core dump will be written. Minidumps are not enabled by default on client versions of Windows
#
# If you would like to submit a bug report, please visit:
#   https://bugreport.java.com/bugreport/crash.jsp
#

---------------  S U M M A R Y ------------

Command Line: -javaagent:C:\Program Files\JetBrains\IntelliJ IDEA 2022.1\lib\idea_rt.jar=62654:C:\Program Files\JetBrains\IntelliJ IDEA 2022.1\bin -Dfile.encoding=UTF-8 --module-path=C:\Users\Tiago\.m2\repository\org\openjfx\javafx-graphics\18-ea+6\javafx-graphics-18-ea+6-win.jar;C:\Program Files (x86)\Java\javafx-sdk-18.0.1\lib\javafx.graphics.jar;C:\Users\Tiago\.m2\repository\org\openjfx\javafx-media\18-ea+6\javafx-media-18-ea+6-win.jar;C:\Program Files (x86)\Java\javafx-sdk-18.0.1\lib\javafx.media.jar;C:\Users\Tiago\.m2\repository\org\openjfx\javafx-web\18-ea+6\javafx-web-18-ea+6-win.jar;C:\Program Files (x86)\Java\javafx-sdk-18.0.1\lib\javafx.web.jar;C:\Users\Tiago\.m2\repository\com\fasterxml\jackson\core\jackson-annotations\2.12.1\jackson-annotations-2.12.1.jar;C:\Users\Tiago\.m2\repository\com\github\almasb\fxgl-entity\17\fxgl-entity-17.jar;C:\Users\Tiago\.m2\repository\org\openjfx\javafx-fxml\18-ea+6\javafx-fxml-18-ea+6-win.jar;C:\Program Files (x86)\Java\javafx-sdk-18.0.1\lib\javafx.fxml.jar;C:\Users\Tiago\.m2\repository\org\kordamp\ikonli\ikonli-core\12.3.0\ikonli-core-12.3.0.jar;C:\Users\Tiago\.m2\repository\com\github\almasb\fxgl\17\fxgl-17.jar;C:\Users\Tiago\.m2\repository\com\dlsc\formsfx\formsfx-core\11.3.2\formsfx-core-11.3.2.jar;C:\Users\Tiago\.m2\repository\com\gluonhq\attach\audio\4.0.9\audio-4.0.9.jar;C:\Users\Tiago\.m2\repository\com\gluonhq\attach\util\4.0.9\util-4.0.9.jar;C:\Users\Tiago\.m2\repository\org\kordamp\ikonli\ikonli-javafx\12.3.0\ikonli-javafx-12.3.0.jar;C:\Users\Tiago\.m2\repository\org\kordamp\bootstrapfx\bootstrapfx-core\0.4.0\bootstrapfx-core-0.4.0.jar;C:\Users\Tiago\.m2\repository\org\jetbrains\kotlin\kotlin-stdlib\1.5.32\kotlin-stdlib-1.5.32-modular.jar;C:\Users\Tiago\.m2\repository\com\github\almasb\fxgl-scene\17\fxgl-scene-17.jar;C:\Users\Tiago\.m2\repository\com\gluonhq\attach\lifecycle\4.0.9\lifecycle-4.0.9.jar;C:\Users\Tiago\Desktop\javafx\calculadora\target\classes;C:\Users\Tiago\.m2\repository\eu\hansolo\tilesfx\11.48\tilesfx-11.48.jar;C:\Users\Tiago\.m2\repository\com\fasterxml\jackson\core\jackson-core\2.12.1\jackson-core-2.12.1.jar;C:\Users\Tiago\.m2\repository\org\openjfx\javafx-control-Djdk.module.main=calculadora calculadora/calculadora.main.Main

Host: AMD Ryzen 5 5600G with Radeon Graphics         , 12 cores, 12G,  Windows 10 , 64 bit Build 19041 (10.0.19041.1706)
Time: Mon May 30 17:34:01 2022 Hora oficial do Brasil elapsed time: 0.656104 seconds (0d 0h 0m 0s)

---------------  T H R E A D  ---------------

Current thread (0x000001be61d199e0):  JavaThread "JavaFX Application Thread" [_thread_in_vm, id=11696, stack(0x00000080f2300000,0x00000080f2400000)]

Stack: [0x00000080f2300000,0x00000080f2400000],  sp=0x00000080f23fb810,  free space=1006k
Native frames: (J=compiled Java code, j=interpreted, Vv=VM code, C=native code)
V  [jvm.dll+0x7600aa]
V  [jvm.dll+0x202f46]
V  [jvm.dll+0x1f8781]
V  [jvm.dll+0x55d685]
V  [jvm.dll+0x209637]
V  [jvm.dll+0x76cf6d]
V  [jvm.dll+0x76e2a6]
V  [jvm.dll+0x76ea31]
V  [jvm.dll+0x203584]
V  [jvm.dll+0x1f879a]
V  [jvm.dll+0x55d685]
V  [jvm.dll+0x209637]
V  [jvm.dll+0x76cf6d]
V  [jvm.dll+0x76e2a6]
V  [jvm.dll+0x76e5d8]
V  [jvm.dll+0x254d46]
V  [jvm.dll+0x3a0d7e]
C  0x000001be427cb82d

Java frames: (J=compiled Java code, j=interpreted, Vv=VM code)
j  jdk.xml.internal.JdkXmlUtils.getSAXFactory(Z)Ljavax/xml/parsers/SAXParserFactory;+24 java.xml@18.0.1.1
j  jdk.xml.internal.JdkXmlUtils.<clinit>()V+58 java.xml@18.0.1.1
v  ~StubRoutines::call_stub
j  com.sun.org.apache.xerces.internal.impl.PropertyManager.initConfigurableReaderProperties()V+317 java.xml@18.0.1.1
j  com.sun.org.apache.xerces.internal.impl.PropertyManager.<init>(I)V+45 java.xml@18.0.1.1
j  com.sun.xml.internal.stream.XMLInputFactoryImpl.<init>()V+10 java.xml@18.0.1.1
j  java.lang.invoke.DirectMethodHandle$Holder.newInvokeSpecial(Ljava/lang/Object;)Ljava/lang/Object;+15 java.base@18.0.1.1
j  java.lang.invoke.Invokers$Holder.invokeExact_MT(Ljava/lang/Object;Ljava/lang/Object;)Ljava/lang/Object;+18 java.base@18.0.1.1
j  jdk.internal.reflect.DirectConstructorHandleAccessor.invokeImpl([Ljava/lang/Object;)Ljava/lang/Object;+44 java.base@18.0.1.1
j  jdk.internal.reflect.DirectConstructorHandleAccessor.newInstance([Ljava/lang/Object;)Ljava/lang/Object;+68 java.base@18.0.1.1
j  java.lang.reflect.Constructor.newInstanceWithCaller([Ljava/lang/Object;ZLjava/lang/Class;)Ljava/lang/Object;+41 java.base@18.0.1.1
j  java.lang.reflect.Constructor.newInstance([Ljava/lang/Object;)Ljava/lang/Object;+30 java.base@18.0.1.1
j  javax.xml.stream.FactoryFinder.newInstance(Ljava/lang/Class;Ljava/lang/String;Ljava/lang/ClassLoader;ZZ)Ljava/lang/Object;+92 java.xml@18.0.1.1
j  javax.xml.stream.FactoryFinder.newInstance(Ljava/lang/Class;Ljava/lang/String;Ljava/lang/ClassLoader;Z)Ljava/lang/Object;+5 java.xml@18.0.1.1
j  javax.xml.stream.FactoryFinder.find(Ljava/lang/Class;Ljava/lang/String;Ljava/lang/ClassLoader;Ljava/lang/String;)Ljava/lang/Object;+373 java.xml@18.0.1.1
j  javax.xml.stream.FactoryFinder.find(Ljava/lang/Class;Ljava/lang/String;)Ljava/lang/Object;+7 java.xml@18.0.1.1
j  javax.xml.stream.XMLInputFactory.newInstance()Ljavax/xml/stream/XMLInputFactory;+4 java.xml@18.0.1.1
j  javafx.fxml.FXMLLoader.loadImpl(Ljava/io/InputStream;Ljava/lang/Class;)Ljava/lang/Object;+71 javafx.fxml@18-ea
j  javafx.fxml.FXMLLoader.loadImpl(Ljava/lang/Class;)Ljava/lang/Object;+31 javafx.fxml@18-ea
j  javafx.fxml.FXMLLoader.load()Ljava/lang/Object;+17 javafx.fxml@18-ea
j  calculadora.main.Main.start(Ljavafx/stage/Stage;)V+20 calculadora
j  com.sun.javafx.application.LauncherImpl.lambda$launchApplication1$9(Ljava/util/concurrent/atomic/AtomicBoolean;Ljavafx/application/Application;)V+20 javafx.graphics@18-ea
j  com.sun.javafx.application.LauncherImpl$$Lambda$125+0x0000000800c87000.run()V+8 javafx.graphics@18-ea
j  com.sun.javafx.application.PlatformImpl.lambda$runAndWait$12(Ljava/lang/Runnable;Ljava/util/concurrent/CountDownLatch;)V+1 javafx.graphics@18-ea
j  com.sun.javafx.application.PlatformImpl$$Lambda$111+0x0000000800c81aa0.run()V+8 javafx.graphics@18-ea
j  com.sun.javafx.application.PlatformImpl.lambda$runLater$10(Ljava/lang/Runnable;)Ljava/lang/Void;+1 javafx.graphics@18-ea
j  com.sun.javafx.application.PlatformImpl$$Lambda$113+0x0000000800c82a98.run()Ljava/lang/Object;+4 javafx.graphics@18-ea
j  java.security.AccessController.executePrivileged(Ljava/security/PrivilegedAction;Ljava/security/AccessControlContext;Ljava/lang/Class;)Ljava/lang/Object;+29 java.base@18.0.1.1
j  java.security.AccessController.doPrivileged(Ljava/security/PrivilegedAction;Ljava/security/AccessControlContext;)Ljava/lang/Object;+13 java.base@18.0.1.1
j  com.sun.javafx.application.PlatformImpl.lambda$runLater$11(Ljava/lang/Runnable;Ljava/security/AccessControlContext;)V+7 javafx.graphics@18-ea
j  com.sun.javafx.application.PlatformImpl$$Lambda$112+0x0000000800c82440.run()V+8 javafx.graphics@18-ea
j  com.sun.glass.ui.InvokeLaterDispatcher$Future.run()V+4 javafx.graphics@18-ea
v  ~StubRoutines::call_stub
j  com.sun.glass.ui.win.WinApplication._runLoop(Ljava/lang/Runnable;)V+0 javafx.graphics@18-ea
j  com.sun.glass.ui.win.WinApplication.lambda$runLoop$3(ILjava/lang/Runnable;)V+8 javafx.graphics@18-ea
j  com.sun.glass.ui.win.WinApplication$$Lambda$101+0x0000000800c30cb0.run()V+12 javafx.graphics@18-ea
j  java.lang.Thread.run()V+11 java.base@18.0.1.1
v  ~StubRoutines::call_stub

siginfo: EXCEPTION_ACCESS_VIOLATION (0xc0000005), reading address 0x0000000000000004


Register to memory mapping:

RIP=0x00007ffc001e00aa jvm.dll
RAX=0x000001be60c44950 points into unknown readable memory: 0x6d782f786176616a | 6a 61 76 61 78 2f 78 6d
RBX=0x000001be60c44950 points into unknown readable memory: 0x6d782f786176616a | 6a 61 76 61 78 2f 78 6d
RCX=0x0 is NULL
RDX=0x0000000000000022 is an unknown value
RSP=0x00000080f23fb810 is pointing into the stack for thread: 0x000001be61d199e0
RBP=0x000001be60c425e0 points into unknown readable memory: 0x0000000000000000 | 00 00 00 00 00 00 00 00
RSI=0x000001be61552be0 points into unknown readable memory: 0x2800013b00000002 | 02 00 00 00 3b 01 00 28
RDI=0x0000000800441638 is pointing into metadata
R8 =0x000001be60c44950 points into unknown readable memory: 0x6d782f786176616a | 6a 61 76 61 78 2f 78 6d
R9 =0x0000000000000022 is an unknown value
R10=0x000000000000000d is an unknown value
R11=0x000001be5ca76a30 is pointing into metadata
R12=0x0 is NULL
R13=0x000001be60c4a5c8 points into unknown readable memory: 0x0805ef7d15b6605b | 5b 60 b6 15 7d ef 05 08
R14=0x000001be61d199e0 is a thread
R15=0x000001be60c44950 points into unknown readable memory: 0x6d782f786176616a | 6a 61 76 61 78 2f 78 6d


Registers:
RAX=0x000001be60c44950, RBX=0x000001be60c44950, RCX=0x0000000000000000, RDX=0x0000000000000022
RSP=0x00000080f23fb810, RBP=0x000001be60c425e0, RSI=0x000001be61552be0, RDI=0x0000000800441638
R8 =0x000001be60c44950, R9 =0x0000000000000022, R10=0x000000000000000d, R11=0x000001be5ca76a30
R12=0x0000000000000000, R13=0x000001be60c4a5c8, R14=0x000001be61d199e0, R15=0x000001be60c44950
RIP=0x00007ffc001e00aa, EFLAGS=0x0000000000010202

Top of Stack: (sp=0x00000080f23fb810)
0x00000080f23fb810:   0000000000000022 000001be61552be0
0x00000080f23fb820:   000001be60c425e0 000001be5ca765a8
0x00000080f23fb830:   0000000800441638 00007ffbffc82f46
0x00000080f23fb840:   000001be60c44950 0000000000000421
0x00000080f23fb850:   00000080f23fbaa0 000001be00000088
0x00000080f23fb860:   000001be61d199e0 0000000000000000
0x00000080f23fb870:   0000000000000000 0000000000000020
0x00000080f23fb880:   0000000000000010 0000000000000004
0x00000080f23fb890:   000001be38cf0000 00000000000083b0
0x00000080f23fb8a0:   0000000000000088 000001be60c44950
0x00000080f23fb8b0:   000001be38c80000 000001be00000006
0x00000080f23fb8c0:   0000000000000010 000001be00000000
0x00000080f23fb8d0:   000001be38c802b0 0000000000000000
0x00000080f23fb8e0:   0000000200000040 000001be38c80de0
0x00000080f23fb8f0:   000001be61d199e0 0000000000000000
0x00000080f23fb900:   0000000000000000 0000000000000000 

Instructions: (pc=0x00007ffc001e00aa)
0x00007ffc001dffaa:   48 8b f8 48 85 db 74 08 48 8b cb e8 86 b0 f0 ff
0x00007ffc001dffba:   48 8b 5c 24 30 48 8b c7 48 83 c4 20 5f c3 8d 42
0x00007ffc001dffca:   06 83 ff 02 b9 08 00 00 00 0f 4e c1 45 33 c0 48
0x00007ffc001dffda:   63 c8 48 83 c1 07 83 e1 f8 48 63 c9 41 8d 50 0b
0x00007ffc001dffea:   48 83 c4 20 5f e9 3c 31 95 ff cc cc cc cc cc cc
0x00007ffc001dfffa:   cc cc cc cc cc cc 83 fa 02 8d 42 06 b9 08 00 00
0x00007ffc001e000a:   00 4d 8b c8 0f 4e c1 48 63 c8 49 8b 40 18 48 83
0x00007ffc001e001a:   c1 07 83 e1 f8 48 63 d1 49 8b 48 20 48 2b c8 48
0x00007ffc001e002a:   3b ca 72 09 48 8d 0c 10 49 89 48 18 c3 45 33 c0
0x00007ffc001e003a:   49 8b c9 e9 1e 8f 95 ff cc cc cc cc cc cc cc cc
0x00007ffc001e004a:   cc cc cc cc cc cc 4c 8b d2 4c 8b d9 45 85 c0 7e
0x00007ffc001e005a:   3c 44 0f b7 49 04 41 8d 40 ff 41 3b c1 44 0f 4c
0x00007ffc001e006a:   c8 4d 63 c1 45 85 c9 7e 1f 48 8b c2 4c 2b da 49
0x00007ffc001e007a:   8b d0 0f 1f 40 00 41 0f b6 4c 03 06 88 08 48 8d
0x00007ffc001e008a:   40 01 48 83 ea 01 75 ee 43 c6 04 10 00 49 8b c2
0x00007ffc001e009a:   c3 cc cc cc cc cc 48 89 5c 24 08 57 48 83 ec 20
0x00007ffc001e00aa:   0f b7 59 04 48 8b f9 33 d2 48 8d 4b 01 e8 b4 d6
0x00007ffc001e00ba:   f8 ff 0f b7 57 04 4c 8b c0 3b da 0f 42 d3 44 8b
0x00007ffc001e00ca:   ca 85 d2 74 39 48 2b f8 0f 1f 40 00 66 66 0f 1f
0x00007ffc001e00da:   84 00 00 00 00 00 0f b6 4c 07 06 88 08 48 ff c0
0x00007ffc001e00ea:   48 8b c8 49 2b c8 49 3b c9 7c eb 42 c6 04 02 00
0x00007ffc001e00fa:   49 8b c0 48 8b 5c 24 30 48 83 c4 20 5f c3 48 8b
0x00007ffc001e010a:   5c 24 30 c6 04 02 00 48 83 c4 20 5f c3 cc cc cc
0x00007ffc001e011a:   cc cc cc cc cc cc 4c 8b d1 45 85 c0 7e 6c 44 0f
0x00007ffc001e012a:   b7 49 04 41 8d 40 ff 41 3b c1 44 0f 4c c8 4d 63
0x00007ffc001e013a:   d9 45 85 c9 7e 22 48 8b ca 4c 2b d2 4d 8b c3 0f
0x00007ffc001e014a:   1f 80 00 00 00 00 41 0f b6 44 0a 06 88 01 48 8d
0x00007ffc001e015a:   49 01 49 83 e8 01 75 ee 41 c6 04 13 00 48 c7 c0
0x00007ffc001e016a:   ff ff ff ff 66 90 48 ff c0 80 3c 02 00 75 f7 48
0x00007ffc001e017a:   63 c8 85 c0 48 8b c2 7e 14 80 38 2f 75 03 c6 00
0x00007ffc001e018a:   2e 48 ff c0 48 83 e9 01 75 ef 48 8b c2 c3 cc cc
0x00007ffc001e019a:   cc cc cc cc cc cc 48 83 ec 28 e8 f7 fe ff ff 4c 


Stack slot to memory mapping:
stack at sp + 0 slots: 0x0000000000000022 is an unknown value
stack at sp + 1 slots: 0x000001be61552be0 points into unknown readable memory: 0x2800013b00000002 | 02 00 00 00 3b 01 00 28
stack at sp + 2 slots: 0x000001be60c425e0 points into unknown readable memory: 0x0000000000000000 | 00 00 00 00 00 00 00 00
stack at sp + 3 slots: 0x000001be5ca765a8 is pointing into metadata
stack at sp + 4 slots: 0x0000000800441638 is pointing into metadata
stack at sp + 5 slots: 0x00007ffbffc82f46 jvm.dll
stack at sp + 6 slots: 0x000001be60c44950 points into unknown readable memory: 0x6d782f786176616a | 6a 61 76 61 78 2f 78 6d
stack at sp + 7 slots: 0x0000000000000421 is an unknown value


---------------  P R O C E S S  ---------------

Threads class SMR info:
_java_thread_list=0x000001be61d36960, length=18, elements={
0x000001be3ae739f0, 0x000001be5c3b3080, 0x000001be5c3b3ce0, 0x000001be5c3d0870,
0x000001be5c3d1120, 0x000001be5c3d1c00, 0x000001be5c3d5be0, 0x000001be5c3d69f0,
0x000001be5c3e1530, 0x000001be5c437e60, 0x000001be5c3a0f40, 0x000001be611ff330,
0x000001be613fdd80, 0x000001be608c1410, 0x000001be61cff530, 0x000001be61d199e0,
0x000001be61d486b0, 0x000001be61db6700
}

Java Threads: ( => current thread )
  0x000001be3ae739f0 JavaThread "main" [_thread_blocked, id=4656, stack(0x00000080f0500000,0x00000080f0600000)]
  0x000001be5c3b3080 JavaThread "Reference Handler" daemon [_thread_blocked, id=7396, stack(0x00000080f0c00000,0x00000080f0d00000)]
  0x000001be5c3b3ce0 JavaThread "Finalizer" daemon [_thread_blocked, id=764, stack(0x00000080f0d00000,0x00000080f0e00000)]
  0x000001be5c3d0870 JavaThread "Signal Dispatcher" daemon [_thread_blocked, id=1144, stack(0x00000080f0e00000,0x00000080f0f00000)]
  0x000001be5c3d1120 JavaThread "Attach Listener" daemon [_thread_blocked, id=8324, stack(0x00000080f0f00000,0x00000080f1000000)]
  0x000001be5c3d1c00 JavaThread "Service Thread" daemon [_thread_blocked, id=10640, stack(0x00000080f1000000,0x00000080f1100000)]
  0x000001be5c3d5be0 JavaThread "Monitor Deflation Thread" daemon [_thread_blocked, id=5952, stack(0x00000080f1100000,0x00000080f1200000)]
  0x000001be5c3d69f0 JavaThread "C2 CompilerThread0" daemon [_thread_blocked, id=4760, stack(0x00000080f1200000,0x00000080f1300000)]
  0x000001be5c3e1530 JavaThread "C1 CompilerThread0" daemon [_thread_blocked, id=10648, stack(0x00000080f1300000,0x00000080f1400000)]
  0x000001be5c437e60 JavaThread "Sweeper thread" daemon [_thread_blocked, id=5232, stack(0x00000080f1400000,0x00000080f1500000)]
  0x000001be5c3a0f40 JavaThread "Common-Cleaner" daemon [_thread_blocked, id=3936, stack(0x00000080f1500000,0x00000080f1600000)]
  0x000001be611ff330 JavaThread "Monitor Ctrl-Break" daemon [_thread_in_native, id=3588, stack(0x00000080f1800000,0x00000080f1900000)]
  0x000001be613fdd80 JavaThread "Notification Thread" daemon [_thread_blocked, id=12828, stack(0x00000080f1900000,0x00000080f1a00000)]
  0x000001be608c1410 JavaThread "QuantumRenderer-0" daemon [_thread_blocked, id=5116, stack(0x00000080f1f00000,0x00000080f2000000)]
  0x000001be61cff530 JavaThread "InvokeLaterDispatcher" daemon [_thread_blocked, id=1744, stack(0x00000080f2200000,0x00000080f2300000)]
=>0x000001be61d199e0 JavaThread "JavaFX Application Thread" [_thread_in_vm, id=11696, stack(0x00000080f2300000,0x00000080f2400000)]
  0x000001be61d486b0 JavaThread "Thread-1" daemon [_thread_in_native, id=1760, stack(0x00000080f1600000,0x00000080f1700000)]
  0x000001be61db6700 JavaThread "JavaFX-Launcher" [_thread_blocked, id=3256, stack(0x00000080f1700000,0x00000080f1800000)]

Other Threads:
  0x000001be3aeff520 VMThread "VM Thread" [stack: 0x00000080f0b00000,0x00000080f0c00000] [id=11620]
  0x000001be613fe6c0 WatcherThread "VM Periodic Task Thread" [stack: 0x00000080f1a00000,0x00000080f1b00000] [id=12824]
  0x000001be3aed7500 WorkerThread "GC Thread#0" [stack: 0x00000080f0600000,0x00000080f0700000] [id=5852]
  0x000001be615fc040 WorkerThread "GC Thread#1" [stack: 0x00000080f1b00000,0x00000080f1c00000] [id=12572]
  0x000001be60e3d370 WorkerThread "GC Thread#2" [stack: 0x00000080f1c00000,0x00000080f1d00000] [id=9488]
  0x000001be613c2b50 WorkerThread "GC Thread#3" [stack: 0x00000080f1d00000,0x00000080f1e00000] [id=12240]
  0x000001be615845f0 WorkerThread "GC Thread#4" [stack: 0x00000080f1e00000,0x00000080f1f00000] [id=8528]
  0x000001be3aee6290 ConcurrentGCThread "G1 Main Marker" [stack: 0x00000080f0700000,0x00000080f0800000] [id=10076]
  0x000001be3aee7420 WorkerThread "G1 Conc#0" [stack: 0x00000080f0800000,0x00000080f0900000] [id=6812]
  0x000001be3af37c30 ConcurrentGCThread "G1 Refine#0" [stack: 0x00000080f0900000,0x00000080f0a00000] [id=284]
  0x000001be3af3c550 ConcurrentGCThread "G1 Service" [stack: 0x00000080f0a00000,0x00000080f0b00000] [id=11716]

Threads with active compile tasks:

VM state: not at safepoint (normal execution)

VM Mutex/Monitor currently owned by a thread: None

Heap address: 0x0000000731a00000, size: 3302 MB, Compressed Oops mode: Zero based, Oop shift amount: 3

CDS archive(s) mapped at: [0x0000000800000000-0x0000000800ba0000-0x0000000800ba0000), size 12189696, SharedBaseAddress: 0x0000000800000000, ArchiveRelocationMode: 0.
Compressed class space mapped at: 0x0000000800c00000-0x0000000840c00000, reserved size: 1073741824
Narrow klass base: 0x0000000800000000, Narrow klass shift: 0, Narrow klass range: 0x100000000

GC Precious Log:
 CardTable entry size: 512
 Card Set container configuration: InlinePtr #cards 4 size 8 Array Of Cards #cards 16 size 48 Howl #buckets 8 coarsen threshold 3686 Howl Bitmap #cards 512 size 80 coarsen threshold 460 Card regions per heap region 1 cards per card region 4096
 CPUs: 12 total, 12 available
 Memory: 13201M
 Large Page Support: Disabled
 NUMA Support: Disabled
 Compressed Oops: Enabled (Zero based)
 Heap Region Size: 2M
 Heap Min Capacity: 8M
 Heap Initial Capacity: 208M
 Heap Max Capacity: 3302M
 Pre-touch: Disabled
 Parallel Workers: 10
 Concurrent Workers: 3
 Concurrent Refinement Workers: 10
 Periodic GC: Disabled

Heap:
 garbage-first heap   total 212992K, used 10304K [0x0000000731a00000, 0x0000000800000000)
  region size 2048K, 8 young (16384K), 2 survivors (4096K)
 Metaspace       used 5632K, committed 5824K, reserved 1114112K
  class space    used 676K, committed 768K, reserved 1048576K

Heap Regions: E=young(eden), S=young(survivor), O=old, HS=humongous(starts), HC=humongous(continues), CS=collection set, F=free, OA=open archive, CA=closed archive, TAMS=top-at-mark-start (previous, next)
|   0|0x0000000731a00000, 0x0000000731a00000, 0x0000000731c00000|  0%| F|  |TAMS 0x0000000731a00000, 0x0000000731a00000| Untracked 
|   1|0x0000000731c00000, 0x0000000731c00000, 0x0000000731e00000|  0%| F|  |TAMS 0x0000000731c00000, 0x0000000731c00000| Untracked 
|   2|0x0000000731e00000, 0x0000000731e00000, 0x0000000732000000|  0%| F|  |TAMS 0x0000000731e00000, 0x0000000731e00000| Untracked 
|   3|0x0000000732000000, 0x0000000732000000, 0x0000000732200000|  0%| F|  |TAMS 0x0000000732000000, 0x0000000732000000| Untracked 
|   4|0x0000000732200000, 0x0000000732200000, 0x0000000732400000|  0%| F|  |TAMS 0x0000000732200000, 0x0000000732200000| Untracked 
|   5|0x0000000732400000, 0x0000000732400000, 0x0000000732600000|  0%| F|  |TAMS 0x0000000732400000, 0x0000000732400000| Untracked 
|   6|0x0000000732600000, 0x0000000732600000, 0x0000000732800000|  0%| F|  |TAMS 0x0000000732600000, 0x0000000732600000| Untracked 
|   7|0x0000000732800000, 0x0000000732800000, 0x0000000732a00000|  0%| F|  |TAMS 0x0000000732800000, 0x0000000732800000| Untracked 
|   8|0x0000000732a00000, 0x0000000732a00000, 0x0000000732c00000|  0%| F|  |TAMS 0x0000000732a00000, 0x0000000732a00000| Untracked 
|   9|0x0000000732c00000, 0x0000000732c00000, 0x0000000732e00000|  0%| F|  |TAMS 0x0000000732c00000, 0x0000000732c00000| Untracked 
|  10|0x0000000732e00000, 0x0000000732e00000, 0x0000000733000000|  0%| F|  |TAMS 0x0000000732e00000, 0x0000000732e00000| Untracked 
|  11|0x0000000733000000, 0x0000000733000000, 0x0000000733200000|  0%| F|  |TAMS 0x0000000733000000, 0x0000000733000000| Untracked 
|  12|0x0000000733200000, 0x0000000733200000, 0x0000000733400000|  0%| F|  |TAMS 0x0000000733200000, 0x0000000733200000| Untracked 
|  13|0x0000000733400000, 0x0000000733400000, 0x0000000733600000|  0%| F|  |TAMS 0x0000000733400000, 0x0000000733400000| Untracked 
|  14|0x0000000733600000, 0x0000000733600000, 0x0000000733800000|  0%| F|  |TAMS 0x0000000733600000, 0x0000000733600000| Untracked 
|  15|0x0000000733800000, 0x0000000733800000, 0x0000000733a00000|  0%| F|  |TAMS 0x0000000733800000, 0x0000000733800000| Untracked 
|  16|0x0000000733a00000, 0x0000000733a00000, 0x0000000733c00000|  0%| F|  |TAMS 0x0000000733a00000, 0x0000000733a00000| Untracked 
|  17|0x0000000733c00000, 0x0000000733c00000, 0x0000000733e00000|  0%| F|  |TAMS 0x0000000733c00000, 0x0000000733c00000| Untracked 
|  18|0x0000000733e00000, 0x0000000733e00000, 0x0000000734000000|  0%| F|  |TAMS 0x0000000733e00000, 0x0000000733e00000| Untracked 
|  19|0x0000000734000000, 0x0000000734000000, 0x0000000734200000|  0%| F|  |TAMS 0x0000000734000000, 0x0000000734000000| Untracked 
|  20|0x0000000734200000, 0x0000000734200000, 0x0000000734400000|  0%| F|  |TAMS 0x0000000734200000, 0x0000000734200000| Untracked 
|  21|0x0000000734400000, 0x0000000734400000, 0x0000000734600000|  0%| F|  |TAMS 0x0000000734400000, 0x0000000734400000| Untracked 
|  22|0x0000000734600000, 0x0000000734600000, 0x0000000734800000|  0%| F|  |TAMS 0x0000000734600000, 0x0000000734600000| Untracked 
|  23|0x0000000734800000, 0x0000000734800000, 0x0000000734a00000|  0%| F|  |TAMS 0x0000000734800000, 0x0000000734800000| Untracked 
|  24|0x0000000734a00000, 0x0000000734a00000, 0x0000000734c00000|  0%| F|  |TAMS 0x0000000734a00000, 0x0000000734a00000| Untracked 
|  25|0x0000000734c00000, 0x0000000734c00000, 0x0000000734e00000|  0%| F|  |TAMS 0x0000000734c00000, 0x0000000734c00000| Untracked 
|  26|0x0000000734e00000, 0x0000000734e00000, 0x0000000735000000|  0%| F|  |TAMS 0x0000000734e00000, 0x0000000734e00000| Untracked 
|  27|0x0000000735000000, 0x0000000735000000, 0x0000000735200000|  0%| F|  |TAMS 0x0000000735000000, 0x0000000735000000| Untracked 
|  28|0x0000000735200000, 0x0000000735200000, 0x0000000735400000|  0%| F|  |TAMS 0x0000000735200000, 0x0000000735200000| Untracked 
|  29|0x0000000735400000, 0x0000000735400000, 0x0000000735600000|  0%| F|  |TAMS 0x0000000735400000, 0x0000000735400000| Untracked 
|  30|0x0000000735600000, 0x0000000735600000, 0x0000000735800000|  0%| F|  |TAMS 0x0000000735600000, 0x0000000735600000| Untracked 
|  31|0x0000000735800000, 0x0000000735800000, 0x0000000735a00000|  0%| F|  |TAMS 0x0000000735800000, 0x0000000735800000| Untracked 
|  32|0x0000000735a00000, 0x0000000735a00000, 0x0000000735c00000|  0%| F|  |TAMS 0x0000000735a00000, 0x0000000735a00000| Untracked 
|  33|0x0000000735c00000, 0x0000000735c00000, 0x0000000735e00000|  0%| F|  |TAMS 0x0000000735c00000, 0x0000000735c00000| Untracked 
|  34|0x0000000735e00000, 0x0000000735e00000, 0x0000000736000000|  0%| F|  |TAMS 0x0000000735e00000, 0x0000000735e00000| Untracked 
|  35|0x0000000736000000, 0x0000000736000000, 0x0000000736200000|  0%| F|  |TAMS 0x0000000736000000, 0x0000000736000000| Untracked 
|  36|0x0000000736200000, 0x0000000736200000, 0x0000000736400000|  0%| F|  |TAMS 0x0000000736200000, 0x0000000736200000| Untracked 
|  37|0x0000000736400000, 0x0000000736400000, 0x0000000736600000|  0%| F|  |TAMS 0x0000000736400000, 0x0000000736400000| Untracked 
|  38|0x0000000736600000, 0x0000000736600000, 0x0000000736800000|  0%| F|  |TAMS 0x0000000736600000, 0x0000000736600000| Untracked 
|  39|0x0000000736800000, 0x0000000736800000, 0x0000000736a00000|  0%| F|  |TAMS 0x0000000736800000, 0x0000000736800000| Untracked 
|  40|0x0000000736a00000, 0x0000000736a00000, 0x0000000736c00000|  0%| F|  |TAMS 0x0000000736a00000, 0x0000000736a00000| Untracked 
|  41|0x0000000736c00000, 0x0000000736c00000, 0x0000000736e00000|  0%| F|  |TAMS 0x0000000736c00000, 0x0000000736c00000| Untracked 
|  42|0x0000000736e00000, 0x0000000736e00000, 0x0000000737000000|  0%| F|  |TAMS 0x0000000736e00000, 0x0000000736e00000| Untracked 
|  43|0x0000000737000000, 0x0000000737000000, 0x0000000737200000|  0%| F|  |TAMS 0x0000000737000000, 0x0000000737000000| Untracked 
|  44|0x0000000737200000, 0x0000000737200000, 0x0000000737400000|  0%| F|  |TAMS 0x0000000737200000, 0x0000000737200000| Untracked 
|  45|0x0000000737400000, 0x0000000737400000, 0x0000000737600000|  0%| F|  |TAMS 0x0000000737400000, 0x0000000737400000| Untracked 
|  46|0x0000000737600000, 0x0000000737600000, 0x0000000737800000|  0%| F|  |TAMS 0x0000000737600000, 0x0000000737600000| Untracked 
|  47|0x0000000737800000, 0x0000000737800000, 0x0000000737a00000|  0%| F|  |TAMS 0x0000000737800000, 0x0000000737800000| Untracked 
|  48|0x0000000737a00000, 0x0000000737a00000, 0x0000000737c00000|  0%| F|  |TAMS 0x0000000737a00000, 0x0000000737a00000| Untracked 
|  49|0x0000000737c00000, 0x0000000737c00000, 0x0000000737e00000|  0%| F|  |TAMS 0x0000000737c00000, 0x0000000737c00000| Untracked 
|  50|0x0000000737e00000, 0x0000000737e00000, 0x0000000738000000|  0%| F|  |TAMS 0x0000000737e00000, 0x0000000737e00000| Untracked 
|  51|0x0000000738000000, 0x0000000738000000, 0x0000000738200000|  0%| F|  |TAMS 0x0000000738000000, 0x0000000738000000| Untracked 
|  52|0x0000000738200000, 0x0000000738200000, 0x0000000738400000|  0%| F|  |TAMS 0x0000000738200000, 0x0000000738200000| Untracked 
|  53|0x0000000738400000, 0x0000000738400000, 0x0000000738600000|  0%| F|  |TAMS 0x0000000738400000, 0x0000000738400000| Untracked 
|  54|0x0000000738600000, 0x0000000738600000, 0x0000000738800000|  0%| F|  |TAMS 0x0000000738600000, 0x0000000738600000| Untracked 
|  55|0x0000000738800000, 0x0000000738800000, 0x0000000738a00000|  0%| F|  |TAMS 0x0000000738800000, 0x0000000738800000| Untracked 
|  56|0x0000000738a00000, 0x0000000738a00000, 0x0000000738c00000|  0%| F|  |TAMS 0x0000000738a00000, 0x0000000738a00000| Untracked 
|  57|0x0000000738c00000, 0x0000000738c00000, 0x0000000738e00000|  0%| F|  |TAMS 0x0000000738c00000, 0x0000000738c00000| Untracked 
|  58|0x0000000738e00000, 0x0000000738e00000, 0x0000000739000000|  0%| F|  |TAMS 0x0000000738e00000, 0x0000000738e00000| Untracked 
|  59|0x0000000739000000, 0x0000000739000000, 0x0000000739200000|  0%| F|  |TAMS 0x0000000739000000, 0x0000000739000000| Untracked 
|  60|0x0000000739200000, 0x0000000739200000, 0x0000000739400000|  0%| F|  |TAMS 0x0000000739200000, 0x0000000739200000| Untracked 
|  61|0x0000000739400000, 0x0000000739400000, 0x0000000739600000|  0%| F|  |TAMS 0x0000000739400000, 0x0000000739400000| Untracked 
|  62|0x0000000739600000, 0x0000000739600000, 0x0000000739800000|  0%| F|  |TAMS 0x0000000739600000, 0x0000000739600000| Untracked 
|  63|0x0000000739800000, 0x0000000739800000, 0x0000000739a00000|  0%| F|  |TAMS 0x0000000739800000, 0x0000000739800000| Untracked 
|  64|0x0000000739a00000, 0x0000000739a00000, 0x0000000739c00000|  0%| F|  |TAMS 0x0000000739a00000, 0x0000000739a00000| Untracked 
|  65|0x0000000739c00000, 0x0000000739c00000, 0x0000000739e00000|  0%| F|  |TAMS 0x0000000739c00000, 0x0000000739c00000| Untracked 
|  66|0x0000000739e00000, 0x0000000739e00000, 0x000000073a000000|  0%| F|  |TAMS 0x0000000739e00000, 0x0000000739e00000| Untracked 
|  67|0x000000073a000000, 0x000000073a000000, 0x000000073a200000|  0%| F|  |TAMS 0x000000073a000000, 0x000000073a000000| Untracked 
|  68|0x000000073a200000, 0x000000073a200000, 0x000000073a400000|  0%| F|  |TAMS 0x000000073a200000, 0x000000073a200000| Untracked 
|  69|0x000000073a400000, 0x000000073a400000, 0x000000073a600000|  0%| F|  |TAMS 0x000000073a400000, 0x000000073a400000| Untracked 
|  70|0x000000073a600000, 0x000000073a600000, 0x000000073a800000|  0%| F|  |TAMS 0x000000073a600000, 0x000000073a600000| Untracked 
|  71|0x000000073a800000, 0x000000073a800000, 0x000000073aa00000|  0%| F|  |TAMS 0x000000073a800000, 0x000000073a800000| Untracked 
|  72|0x000000073aa00000, 0x000000073aa00000, 0x000000073ac00000|  0%| F|  |TAMS 0x000000073aa00000, 0x000000073aa00000| Untracked 
|  73|0x000000073ac00000, 0x000000073ac00000, 0x000000073ae00000|  0%| F|  |TAMS 0x000000073ac00000, 0x000000073ac00000| Untracked 
|  74|0x000000073ae00000, 0x000000073ae00000, 0x000000073b000000|  0%| F|  |TAMS 0x000000073ae00000, 0x000000073ae00000| Untracked 
|  75|0x000000073b000000, 0x000000073b000000, 0x000000073b200000|  0%| F|  |TAMS 0x000000073b000000, 0x000000073b000000| Untracked 
|  76|0x000000073b200000, 0x000000073b200000, 0x000000073b400000|  0%| F|  |TAMS 0x000000073b200000, 0x000000073b200000| Untracked 
|  77|0x000000073b400000, 0x000000073b400000, 0x000000073b600000|  0%| F|  |TAMS 0x000000073b400000, 0x000000073b400000| Untracked 
|  78|0x000000073b600000, 0x000000073b600000, 0x000000073b800000|  0%| F|  |TAMS 0x000000073b600000, 0x000000073b600000| Untracked 
|  79|0x000000073b800000, 0x000000073b800000, 0x000000073ba00000|  0%| F|  |TAMS 0x000000073b800000, 0x000000073b800000| Untracked 
|  80|0x000000073ba00000, 0x000000073ba00000, 0x000000073bc00000|  0%| F|  |TAMS 0x000000073ba00000, 0x000000073ba00000| Untracked 
|  81|0x000000073bc00000, 0x000000073bc00000, 0x000000073be00000|  0%| F|  |TAMS 0x000000073bc00000, 0x000000073bc00000| Untracked 
|  82|0x000000073be00000, 0x000000073be00000, 0x000000073c000000|  0%| F|  |TAMS 0x000000073be00000, 0x000000073be00000| Untracked 
|  83|0x000000073c000000, 0x000000073c000000, 0x000000073c200000|  0%| F|  |TAMS 0x000000073c000000, 0x000000073c000000| Untracked 
|  84|0x000000073c200000, 0x000000073c200000, 0x000000073c400000|  0%| F|  |TAMS 0x000000073c200000, 0x000000073c200000| Untracked 
|  85|0x000000073c400000, 0x000000073c400000, 0x000000073c600000|  0%| F|  |TAMS 0x000000073c400000, 0x000000073c400000| Untracked 
|  86|0x000000073c600000, 0x000000073c600000, 0x000000073c800000|  0%| F|  |TAMS 0x000000073c600000, 0x000000073c600000| Untracked 
|  87|0x000000073c800000, 0x000000073c800000, 0x000000073ca00000|  0%| F|  |TAMS 0x000000073c800000, 0x000000073c800000| Untracked 
|  88|0x000000073ca00000, 0x000000073ca00000, 0x000000073cc00000|  0%| F|  |TAMS 0x000000073ca00000, 0x000000073ca00000| Untracked 
|  89|0x000000073cc00000, 0x000000073cc00000, 0x000000073ce00000|  0%| F|  |TAMS 0x000000073cc00000, 0x000000073cc00000| Untracked 
|  90|0x000000073ce00000, 0x000000073ce00000, 0x000000073d000000|  0%| F|  |TAMS 0x000000073ce00000, 0x000000073ce00000| Untracked 
|  91|0x000000073d000000, 0x000000073d010000, 0x000000073d200000|  3%| S|CS|TAMS 0x000000073d000000, 0x000000073d000000| Complete 
|  92|0x000000073d200000, 0x000000073d400000, 0x000000073d400000|100%| S|CS|TAMS 0x000000073d200000, 0x000000073d200000| Complete 
|  93|0x000000073d400000, 0x000000073d400000, 0x000000073d600000|  0%| F|  |TAMS 0x000000073d400000, 0x000000073d400000| Untracked 
|  94|0x000000073d600000, 0x000000073d600000, 0x000000073d800000|  0%| F|  |TAMS 0x000000073d600000, 0x000000073d600000| Untracked 
|  95|0x000000073d800000, 0x000000073d800000, 0x000000073da00000|  0%| F|  |TAMS 0x000000073d800000, 0x000000073d800000| Untracked 
|  96|0x000000073da00000, 0x000000073da00000, 0x000000073dc00000|  0%| F|  |TAMS 0x000000073da00000, 0x000000073da00000| Untracked 
|  97|0x000000073dc00000, 0x000000073dc00000, 0x000000073de00000|  0%| F|  |TAMS 0x000000073dc00000, 0x000000073dc00000| Untracked 
|  98|0x000000073de00000, 0x000000073de9fb68, 0x000000073e000000| 31%| E|  |TAMS 0x000000073de00000, 0x000000073de00000| Complete 
|  99|0x000000073e000000, 0x000000073e200000, 0x000000073e200000|100%| E|  |TAMS 0x000000073e000000, 0x000000073e000000| Complete 
| 100|0x000000073e200000, 0x000000073e400000, 0x000000073e400000|100%| E|CS|TAMS 0x000000073e200000, 0x000000073e200000| Complete 
| 101|0x000000073e400000, 0x000000073e600000, 0x000000073e600000|100%| E|CS|TAMS 0x000000073e400000, 0x000000073e400000| Complete 
| 102|0x000000073e600000, 0x000000073e800000, 0x000000073e800000|100%| E|CS|TAMS 0x000000073e600000, 0x000000073e600000| Complete 
| 103|0x000000073e800000, 0x000000073ea00000, 0x000000073ea00000|100%| E|CS|TAMS 0x000000073e800000, 0x000000073e800000| Complete 

Card table byte_map: [0x000001be52380000,0x000001be52a00000] _byte_map_base: 0x000001be4e9f3000

Marking Bits (Prev, Next): (CMBitMap*) 0x000001be3aed8b10, (CMBitMap*) 0x000001be3aed8b50
 Prev Bits: [0x000001be53080000, 0x000001be56418000)
 Next Bits: [0x000001be56420000, 0x000001be597b8000)

Polling page: 0x000001be3a640000

Metaspace:

Usage:
  Non-class:      4.84 MB used.
      Class:    676.73 KB used.
       Both:      5.50 MB used.

Virtual space:
  Non-class space:       64.00 MB reserved,       4.94 MB (  8%) committed,  1 nodes.
      Class space:        1.00 GB reserved,     768.00 KB ( <1%) committed,  1 nodes.
             Both:        1.06 GB reserved,       5.69 MB ( <1%) committed. 

Chunk freelists:
   Non-Class:  1.58 MB
       Class:  3.30 MB
        Both:  4.88 MB

MaxMetaspaceSize: unlimited
CompressedClassSpaceSize: 1.00 GB
Initial GC threshold: 21.00 MB
Current GC threshold: 21.00 MB
CDS: on
MetaspaceReclaimPolicy: balanced
 - commit_granule_bytes: 65536.
 - commit_granule_words: 8192.
 - virtual_space_node_default_size: 8388608.
 - enlarge_chunks_in_place: 1.
 - new_chunks_are_fully_committed: 0.
 - uncommit_free_chunks: 1.
 - use_allocation_guard: 0.


Internal statistics:

num_allocs_failed_limit: 0.
num_arena_births: 140.
num_arena_deaths: 0.
num_vsnodes_births: 2.
num_vsnodes_deaths: 0.
num_space_committed: 91.
num_space_uncommitted: 0.
num_chunks_returned_to_freelist: 0.
num_chunks_taken_from_freelist: 263.
num_chunk_merges: 0.
num_chunk_splits: 185.
num_chunks_enlarged: 138.
num_inconsistent_stats: 0.

CodeHeap 'non-profiled nmethods': size=120000Kb used=439Kb max_used=439Kb free=119560Kb
 bounds [0x000001be4a280000, 0x000001be4a4f0000, 0x000001be517b0000]
CodeHeap 'profiled nmethods': size=120000Kb used=1816Kb max_used=1816Kb free=118183Kb
 bounds [0x000001be42d50000, 0x000001be42fc0000, 0x000001be4a280000]
CodeHeap 'non-nmethods': size=5760Kb used=1220Kb max_used=1234Kb free=4539Kb
 bounds [0x000001be427b0000, 0x000001be42a20000, 0x000001be42d50000]
 total_blobs=1659 nmethods=1140 adapters=432
 compilation: enabled
              stopped_count=0, restarted_count=0
 full_count=0

Compilation events (20 events):
Event: 0.647 Thread 0x000001be5c3e1530 1134       3       java.util.concurrent.ConcurrentHashMap$BaseIterator::hasNext (13 bytes)
Event: 0.647 Thread 0x000001be5c3d69f0 nmethod 1132 0x000001be4a2ec890 code [0x000001be4a2eca20, 0x000001be4a2ecc58]
Event: 0.647 Thread 0x000001be5c3e1530 nmethod 1134 0x000001be42f0fc90 code [0x000001be42f0fe20, 0x000001be42f0ff98]
Event: 0.647 Thread 0x000001be5c3e1530 1135       3       java.util.concurrent.ConcurrentHashMap$ValueIterator::next (34 bytes)
Event: 0.647 Thread 0x000001be5c3e1530 nmethod 1135 0x000001be42f10010 code [0x000001be42f101c0, 0x000001be42f10498]
Event: 0.647 Thread 0x000001be5c3e1530 1136       1       sun.nio.fs.WindowsPath::toString (5 bytes)
Event: 0.647 Thread 0x000001be5c3e1530 nmethod 1136 0x000001be4a2ece10 code [0x000001be4a2ecfa0, 0x000001be4a2ed078]
Event: 0.648 Thread 0x000001be5c3e1530 1137       3       sun.nio.fs.WindowsPathParser::normalize (233 bytes)
Event: 0.649 Thread 0x000001be5c3e1530 nmethod 1137 0x000001be42f10610 code [0x000001be42f10c00, 0x000001be42f13ac8]
Event: 0.649 Thread 0x000001be5c3e1530 1138       3       java.util.ImmutableCollections$MapN::get (35 bytes)
Event: 0.650 Thread 0x000001be5c3e1530 nmethod 1138 0x000001be42f14c90 code [0x000001be42f14e60, 0x000001be42f15218]
Event: 0.650 Thread 0x000001be5c3e1530 1139       3       jdk.internal.access.SharedSecrets::getJavaLangAccess (4 bytes)
Event: 0.650 Thread 0x000001be5c3e1530 nmethod 1139 0x000001be42f15390 code [0x000001be42f15520, 0x000001be42f15618]
Event: 0.650 Thread 0x000001be5c3e1530 1140       3       java.lang.invoke.MethodTypeForm::cachedLambdaForm (23 bytes)
Event: 0.650 Thread 0x000001be5c3d69f0 1141       4       jdk.internal.org.objectweb.asm.Symbol::<init> (38 bytes)
Event: 0.650 Thread 0x000001be5c3e1530 nmethod 1140 0x000001be42f15690 code [0x000001be42f15840, 0x000001be42f15ba8]
Event: 0.651 Thread 0x000001be5c3e1530 1142       3       java.util.Arrays::equals (43 bytes)
Event: 0.651 Thread 0x000001be5c3e1530 nmethod 1142 0x000001be42f15d10 code [0x000001be42f15ee0, 0x000001be42f161c8]
Event: 0.652 Thread 0x000001be5c3d69f0 nmethod 1141 0x000001be4a2ed110 code [0x000001be4a2ed280, 0x000001be4a2ed5b8]
Event: 0.652 Thread 0x000001be5c3d69f0 1143       4       jdk.internal.org.objectweb.asm.SymbolTable::put (150 bytes)

GC Heap History (2 events):
Event: 0.456 GC heap before
{Heap before GC invocations=0 (full 0):
 garbage-first heap   total 212992K, used 20480K [0x0000000731a00000, 0x0000000800000000)
  region size 2048K, 11 young (22528K), 0 survivors (0K)
 Metaspace       used 2637K, committed 2816K, reserved 1114112K
  class space    used 274K, committed 384K, reserved 1048576K
}
Event: 0.460 GC heap after
{Heap after GC invocations=1 (full 0):
 garbage-first heap   total 212992K, used 2112K [0x0000000731a00000, 0x0000000800000000)
  region size 2048K, 2 young (4096K), 2 survivors (4096K)
 Metaspace       used 2637K, committed 2816K, reserved 1114112K
  class space    used 274K, committed 384K, reserved 1048576K
}

Deoptimization events (20 events):
Event: 0.502 Thread 0x000001be3ae739f0 Uncommon trap: trap_request=0xffffffc6 fr.pc=0x000001be4a2bcee8 relative=0x0000000000000ba8
Event: 0.502 Thread 0x000001be3ae739f0 Uncommon trap: reason=bimorphic_or_optimized_type_check action=maybe_recompile pc=0x000001be4a2bcee8 method=java.util.HashMap.putVal(ILjava/lang/Object;Ljava/lang/Object;ZZ)Ljava/lang/Object; @ 56 c2
Event: 0.502 Thread 0x000001be3ae739f0 DEOPT PACKING pc=0x000001be4a2bcee8 sp=0x00000080f05fd4c0
Event: 0.502 Thread 0x000001be3ae739f0 DEOPT UNPACKING pc=0x000001be428023a3 sp=0x00000080f05fd458 mode 2
Event: 0.502 Thread 0x000001be3ae739f0 Uncommon trap: trap_request=0xffffffc6 fr.pc=0x000001be4a2bcee8 relative=0x0000000000000ba8
Event: 0.502 Thread 0x000001be3ae739f0 Uncommon trap: reason=bimorphic_or_optimized_type_check action=maybe_recompile pc=0x000001be4a2bcee8 method=java.util.HashMap.putVal(ILjava/lang/Object;Ljava/lang/Object;ZZ)Ljava/lang/Object; @ 56 c2
Event: 0.502 Thread 0x000001be3ae739f0 DEOPT PACKING pc=0x000001be4a2bcee8 sp=0x00000080f05fd4c0
Event: 0.502 Thread 0x000001be3ae739f0 DEOPT UNPACKING pc=0x000001be428023a3 sp=0x00000080f05fd458 mode 2
Event: 0.502 Thread 0x000001be3ae739f0 Uncommon trap: trap_request=0xffffffc6 fr.pc=0x000001be4a2bcee8 relative=0x0000000000000ba8
Event: 0.502 Thread 0x000001be3ae739f0 Uncommon trap: reason=bimorphic_or_optimized_type_check action=maybe_recompile pc=0x000001be4a2bcee8 method=java.util.HashMap.putVal(ILjava/lang/Object;Ljava/lang/Object;ZZ)Ljava/lang/Object; @ 56 c2
Event: 0.502 Thread 0x000001be3ae739f0 DEOPT PACKING pc=0x000001be4a2bcee8 sp=0x00000080f05fd4c0
Event: 0.502 Thread 0x000001be3ae739f0 DEOPT UNPACKING pc=0x000001be428023a3 sp=0x00000080f05fd458 mode 2
Event: 0.526 Thread 0x000001be61d199e0 Uncommon trap: trap_request=0xffffff45 fr.pc=0x000001be4a2d80e4 relative=0x00000000000002a4
Event: 0.526 Thread 0x000001be61d199e0 Uncommon trap: reason=unstable_if action=reinterpret pc=0x000001be4a2d80e4 method=java.lang.invoke.VarHandle.checkExactAccessMode(Ljava/lang/invoke/VarHandle$AccessDescriptor;)V @ 4 c2
Event: 0.526 Thread 0x000001be61d199e0 DEOPT PACKING pc=0x000001be4a2d80e4 sp=0x00000080f23fe660
Event: 0.526 Thread 0x000001be61d199e0 DEOPT UNPACKING pc=0x000001be428023a3 sp=0x00000080f23fe5d0 mode 2
Event: 0.590 Thread 0x000001be61d199e0 Uncommon trap: trap_request=0xffffff45 fr.pc=0x000001be4a2d7b74 relative=0x0000000000000074
Event: 0.590 Thread 0x000001be61d199e0 Uncommon trap: reason=unstable_if action=reinterpret pc=0x000001be4a2d7b74 method=jdk.internal.misc.Unsafe.convEndian(ZI)I @ 4 c2
Event: 0.590 Thread 0x000001be61d199e0 DEOPT PACKING pc=0x000001be4a2d7b74 sp=0x00000080f23fd360
Event: 0.590 Thread 0x000001be61d199e0 DEOPT UNPACKING pc=0x000001be428023a3 sp=0x00000080f23fd290 mode 2

Classes loaded (20 events):
Event: 0.651 Loading class com/sun/org/apache/xerces/internal/utils/XMLSecurityManager
Event: 0.651 Loading class com/sun/org/apache/xerces/internal/utils/XMLSecurityManager done
Event: 0.651 Loading class com/sun/org/apache/xerces/internal/utils/XMLSecurityManager$Limit
Event: 0.651 Loading class com/sun/org/apache/xerces/internal/utils/XMLSecurityManager$Limit done
Event: 0.651 Loading class jdk/xml/internal/JdkProperty$State
Event: 0.651 Loading class jdk/xml/internal/JdkProperty$State done
Event: 0.651 Loading class com/sun/org/apache/xerces/internal/utils/XMLSecurityManager$NameMap
Event: 0.651 Loading class com/sun/org/apache/xerces/internal/utils/XMLSecurityManager$NameMap done
Event: 0.651 Loading class com/sun/org/apache/xerces/internal/utils/XMLSecurityPropertyManager
Event: 0.651 Loading class com/sun/org/apache/xerces/internal/utils/XMLSecurityPropertyManager done
Event: 0.651 Loading class com/sun/org/apache/xerces/internal/utils/XMLSecurityPropertyManager$State
Event: 0.652 Loading class com/sun/org/apache/xerces/internal/utils/XMLSecurityPropertyManager$State done
Event: 0.652 Loading class com/sun/org/apache/xerces/internal/utils/XMLSecurityPropertyManager$Property
Event: 0.652 Loading class com/sun/org/apache/xerces/internal/utils/XMLSecurityPropertyManager$Property done
Event: 0.652 Loading class jdk/xml/internal/JdkXmlUtils
Event: 0.652 Loading class jdk/xml/internal/JdkXmlUtils done
Event: 0.652 Loading class javax/xml/catalog/CatalogFeatures$Feature
Event: 0.652 Loading class javax/xml/catalog/CatalogFeatures$Feature done
Event: 0.652 Loading class com/sun/org/apache/xerces/internal/jaxp/SAXParserFactoryImpl
Event: 0.652 Loading class javax/xml/parsers/SAXParserFactory

Classes unloaded (0 events):
No events

Classes redefined (0 events):
No events

Internal exceptions (20 events):
Event: 0.130 Thread 0x000001be3ae739f0 Exception <a 'java/lang/NoSuchMethodError'{0x000000073e3910c8}: 'void java.lang.invoke.DirectMethodHandle$Holder.invokeSpecial(java.lang.Object, java.lang.Object, java.lang.Object)'> (0x000000073e3910c8) 
thrown [s\open\src\hotspot\share\interpreter\linkResolver.cpp, line 766]
Event: 0.149 Thread 0x000001be3ae739f0 Exception <a 'java/lang/NoSuchMethodError'{0x000000073e005f30}: 'java.lang.Object java.lang.invoke.DirectMethodHandle$Holder.invokeVirtual(java.lang.Object, java.lang.Object, java.lang.Object)'> (0x000000073e005f30) 
thrown [s\open\src\hotspot\share\interpreter\linkResolver.cpp, line 766]
Event: 0.175 Thread 0x000001be3ae739f0 Exception <a 'java/lang/NoSuchMethodError'{0x000000073e0fe050}: 'void java.lang.invoke.DirectMethodHandle$Holder.invokeVirtual(java.lang.Object, java.lang.Object)'> (0x000000073e0fe050) 
thrown [s\open\src\hotspot\share\interpreter\linkResolver.cpp, line 766]
Event: 0.213 Thread 0x000001be3ae739f0 Exception <a 'java/lang/NoSuchMethodError'{0x000000073da9c2a8}: 'void java.lang.invoke.DirectMethodHandle$Holder.invokeSpecial(java.lang.Object, java.lang.Object, java.lang.Object, java.lang.Object, java.lang.Object)'> (0x000000073da9c2a8) 
thrown [s\open\src\hotspot\share\interpreter\linkResolver.cpp, line 766]
Event: 0.216 Thread 0x000001be3ae739f0 Exception <a 'java/lang/NoSuchMethodError'{0x000000073dab45d0}: 'java.lang.Object java.lang.invoke.DirectMethodHandle$Holder.invokeInterface(java.lang.Object, java.lang.Object)'> (0x000000073dab45d0) 
thrown [s\open\src\hotspot\share\interpreter\linkResolver.cpp, line 766]
Event: 0.216 Thread 0x000001be3ae739f0 Exception <a 'java/lang/IncompatibleClassChangeError'{0x000000073dab7b18}: Found class java.lang.Object, but interface was expected> (0x000000073dab7b18) 
thrown [s\open\src\hotspot\share\interpreter\linkResolver.cpp, line 833]
Event: 0.216 Thread 0x000001be3ae739f0 Exception <a 'java/lang/NoSuchMethodError'{0x000000073dabaa08}: 'void java.lang.invoke.DirectMethodHandle$Holder.invokeStatic(java.lang.Object, java.lang.Object, java.lang.Object, java.lang.Object)'> (0x000000073dabaa08) 
thrown [s\open\src\hotspot\share\interpreter\linkResolver.cpp, line 766]
Event: 0.237 Thread 0x000001be3ae739f0 Exception <a 'java/lang/NoSuchMethodError'{0x000000073db9d968}: 'void java.lang.invoke.DirectMethodHandle$Holder.invokeStatic(java.lang.Object, java.lang.Object, java.lang.Object)'> (0x000000073db9d968) 
thrown [s\open\src\hotspot\share\interpreter\linkResolver.cpp, line 766]
Event: 0.240 Thread 0x000001be3ae739f0 Exception <a 'java/lang/NoSuchMethodError'{0x000000073dbb4cb8}: 'java.lang.Object java.lang.invoke.Invokers$Holder.invokeExact_MT(java.lang.Object, java.lang.Object, java.lang.Object, java.lang.Object, java.lang.Object)'> (0x000000073dbb4cb8) 
thrown [s\open\src\hotspot\share\interpreter\linkResolver.cpp, line 766]
Event: 0.249 Thread 0x000001be611ff330 Exception <a 'java/lang/ClassNotFoundException'{0x000000073dbc7678}: jdk/net/ExtendedSocketOptions> (0x000000073dbc7678) 
thrown [s\open\src\hotspot\share\classfile\systemDictionary.cpp, line 255]
Event: 0.250 Thread 0x000001be611ff330 Exception <a 'java/lang/NoSuchMethodError'{0x000000073dbc9048}: 'void java.lang.invoke.DirectMethodHandle$Holder.invokeStatic(java.lang.Object, java.lang.Object)'> (0x000000073dbc9048) 
thrown [s\open\src\hotspot\share\interpreter\linkResolver.cpp, line 766]
Event: 0.253 Thread 0x000001be3ae739f0 Exception <a 'java/lang/NoSuchMethodError'{0x000000073d883990}: 'java.lang.Object java.lang.invoke.DirectMethodHandle$Holder.invokeStaticInit(java.lang.Object)'> (0x000000073d883990) 
thrown [s\open\src\hotspot\share\interpreter\linkResolver.cpp, line 766]
Event: 0.256 Thread 0x000001be3ae739f0 Exception <a 'java/lang/NoSuchMethodError'{0x000000073d8996b8}: 'java.lang.Object java.lang.invoke.Invokers$Holder.invokeExact_MT(java.lang.Object, java.lang.Object, java.lang.Object, java.lang.Object, java.lang.Object, java.lang.Object)'> (0x000000073d8996b8) 
thrown [s\open\src\hotspot\share\interpreter\linkResolver.cpp, line 766]
Event: 0.497 Thread 0x000001be3ae739f0 Exception <a 'java/lang/NoSuchMethodError'{0x000000073e9d0908}: 'int java.lang.invoke.DirectMethodHandle$Holder.invokeStaticInit(java.lang.Object, java.lang.Object, java.lang.Object)'> (0x000000073e9d0908) 
thrown [s\open\src\hotspot\share\interpreter\linkResolver.cpp, line 766]
Event: 0.515 Thread 0x000001be3ae739f0 Exception <a 'java/lang/NoSuchMethodError'{0x000000073e691498}: 'java.lang.Object java.lang.invoke.DirectMethodHandle$Holder.newInvokeSpecial(java.lang.Object, java.lang.Object, int, java.lang.Object)'> (0x000000073e691498) 
thrown [s\open\src\hotspot\share\interpreter\linkResolver.cpp, line 766]
Event: 0.516 Thread 0x000001be3ae739f0 Exception <a 'java/lang/NoSuchMethodError'{0x000000073e695880}: 'java.lang.Object java.lang.invoke.DirectMethodHandle$Holder.invokeSpecial(java.lang.Object, java.lang.Object, java.lang.Object, int, java.lang.Object)'> (0x000000073e695880) 
thrown [s\open\src\hotspot\share\interpreter\linkResolver.cpp, line 766]
Event: 0.578 Thread 0x000001be61d199e0 Exception <a 'java/lang/NoSuchMethodError'{0x000000073e5186f8}: 'void java.lang.invoke.DirectMethodHandle$Holder.invokeStaticInit(java.lang.Object)'> (0x000000073e5186f8) 
thrown [s\open\src\hotspot\share\interpreter\linkResolver.cpp, line 766]
Event: 0.580 Thread 0x000001be3ae739f0 Exception <a 'java/lang/NoSuchMethodError'{0x000000073e6aa6c0}: 'java.lang.Object java.lang.invoke.DirectMethodHandle$Holder.newInvokeSpecial(java.lang.Object, java.lang.Object, java.lang.Object, java.lang.Object, java.lang.Object, java.lang.Object)'> (0x000000073e6aa6c0) 
thrown [s\open\src\hotspot\share\interpreter\linkResolver.cpp, line 766]
Event: 0.597 Thread 0x000001be3ae739f0 Exception <a 'java/lang/NoSuchMethodError'{0x000000073e5b7690}: 'java.lang.Object java.lang.invoke.DirectMethodHandle$Holder.newInvokeSpecial(java.lang.Object, java.lang.Object, java.lang.Object, java.lang.Object, java.lang.Object)'> (0x000000073e5b7690) 
thrown [s\open\src\hotspot\share\interpreter\linkResolver.cpp, line 766]
Event: 0.641 Thread 0x000001be61d199e0 Exception <a 'sun/nio/fs/WindowsException'{0x000000073e1aa120}> (0x000000073e1aa120) 
thrown [s\open\src\hotspot\share\prims\jni.cpp, line 516]

VM Operations (16 events):
Event: 0.143 Executing VM operation: HandshakeAllThreads
Event: 0.143 Executing VM operation: HandshakeAllThreads done
Event: 0.144 Executing VM operation: HandshakeAllThreads
Event: 0.144 Executing VM operation: HandshakeAllThreads done
Event: 0.146 Executing VM operation: HandshakeAllThreads
Event: 0.146 Executing VM operation: HandshakeAllThreads done
Event: 0.208 Executing VM operation: HandshakeAllThreads
Event: 0.208 Executing VM operation: HandshakeAllThreads done
Event: 0.214 Executing VM operation: HandshakeAllThreads
Event: 0.214 Executing VM operation: HandshakeAllThreads done
Event: 0.247 Executing VM operation: HandshakeAllThreads
Event: 0.247 Executing VM operation: HandshakeAllThreads done
Event: 0.456 Executing VM operation: G1CollectForAllocation
Event: 0.460 Executing VM operation: G1CollectForAllocation done
Event: 0.502 Executing VM operation: HandshakeAllThreads
Event: 0.502 Executing VM operation: HandshakeAllThreads done

Events (20 events):
Event: 0.398 Loaded shared library C:\Users\Tiago\.openjfx\cache\18-ea+6\api-ms-win-crt-process-l1-1-0.dll
Event: 0.401 Loaded shared library C:\Users\Tiago\.openjfx\cache\18-ea+6\api-ms-win-crt-runtime-l1-1-0.dll
Event: 0.404 Loaded shared library C:\Users\Tiago\.openjfx\cache\18-ea+6\api-ms-win-crt-stdio-l1-1-0.dll
Event: 0.407 Loaded shared library C:\Users\Tiago\.openjfx\cache\18-ea+6\api-ms-win-crt-string-l1-1-0.dll
Event: 0.410 Loaded shared library C:\Users\Tiago\.openjfx\cache\18-ea+6\api-ms-win-crt-time-l1-1-0.dll
Event: 0.412 Loaded shared library C:\Users\Tiago\.openjfx\cache\18-ea+6\api-ms-win-crt-utility-l1-1-0.dll
Event: 0.424 Loaded shared library C:\Users\Tiago\.openjfx\cache\18-ea+6\ucrtbase.dll
Event: 0.431 Loaded shared library C:\Users\Tiago\.openjfx\cache\18-ea+6\vcruntime140.dll
Event: 0.434 Loaded shared library C:\Users\Tiago\.openjfx\cache\18-ea+6\vcruntime140_1.dll
Event: 0.444 Loaded shared library C:\Users\Tiago\.openjfx\cache\18-ea+6\msvcp140.dll
Event: 0.471 Thread 0x000001be608c1410 Thread added: 0x000001be608c1410
Event: 0.478 Loaded shared library C:\Users\Tiago\.openjfx\cache\18-ea+6\prism_d3d.dll
Event: 0.510 Loaded shared library C:\Users\Tiago\.openjfx\cache\18-ea+6\glass.dll
Event: 0.514 Thread 0x000001be61cff530 Thread added: 0x000001be61cff530
Event: 0.520 Thread 0x000001be61d199e0 Thread added: 0x000001be61d199e0
Event: 0.564 Thread 0x000001be60950f10 Thread exited: 0x000001be60950f10
Event: 0.564 Thread 0x000001be60928840 Thread exited: 0x000001be60928840
Event: 0.596 Thread 0x000001be61d486b0 Thread added: 0x000001be61d486b0
Event: 0.598 Thread 0x000001be61db6700 Thread added: 0x000001be61db6700
Event: 0.617 Loaded shared library C:\Program Files\Java\jdk-18.0.1.1\bin\jimage.dll


Dynamic libraries:
0x00007ff687970000 - 0x00007ff687980000 	C:\Program Files\Java\jdk-18.0.1.1\bin\java.exe
0x00007ffc2cf90000 - 0x00007ffc2d185000 	C:\Windows\SYSTEM32\ntdll.dll
0x00007ffc2b4e0000 - 0x00007ffc2b59d000 	C:\Windows\System32\KERNEL32.DLL
0x00007ffc2aa90000 - 0x00007ffc2ad5d000 	C:\Windows\System32\KERNELBASE.dll
0x00007ffc2adf0000 - 0x00007ffc2aef0000 	C:\Windows\System32\ucrtbase.dll
0x00007ffc1a3b0000 - 0x00007ffc1a3c8000 	C:\Program Files\Java\jdk-18.0.1.1\bin\jli.dll
0x00007ffc171a0000 - 0x00007ffc171ba000 	C:\Program Files\Java\jdk-18.0.1.1\bin\VCRUNTIME140.dll
0x00007ffc2b900000 - 0x00007ffc2b9ae000 	C:\Windows\System32\ADVAPI32.dll
0x00007ffc2b5a0000 - 0x00007ffc2b63e000 	C:\Windows\System32\msvcrt.dll
0x00007ffc2caf0000 - 0x00007ffc2cb8c000 	C:\Windows\System32\sechost.dll
0x00007ffc2afc0000 - 0x00007ffc2b0e5000 	C:\Windows\System32\RPCRT4.dll
0x00007ffc2b640000 - 0x00007ffc2b7e0000 	C:\Windows\System32\USER32.dll
0x00007ffc29a80000 - 0x00007ffc29d1a000 	C:\Windows\WinSxS\amd64_microsoft.windows.common-controls_6595b64144ccf1df_6.0.19041.1110_none_60b5254171f9507e\COMCTL32.dll
0x00007ffc2a950000 - 0x00007ffc2a972000 	C:\Windows\System32\win32u.dll
0x00007ffc2bed0000 - 0x00007ffc2befa000 	C:\Windows\System32\GDI32.dll
0x00007ffc2a980000 - 0x00007ffc2aa8b000 	C:\Windows\System32\gdi32full.dll
0x00007ffc2a8b0000 - 0x00007ffc2a94d000 	C:\Windows\System32\msvcp_win.dll
0x00007ffc28020000 - 0x00007ffc2802a000 	C:\Windows\SYSTEM32\VERSION.dll
0x00007ffc2bdf0000 - 0x00007ffc2be20000 	C:\Windows\System32\IMM32.DLL
0x00007ffc19320000 - 0x00007ffc1932c000 	C:\Program Files\Java\jdk-18.0.1.1\bin\vcruntime140_1.dll
0x00007ffc060d0000 - 0x00007ffc0615d000 	C:\Program Files\Java\jdk-18.0.1.1\bin\msvcp140.dll
0x00007ffbffa80000 - 0x00007ffc00690000 	C:\Program Files\Java\jdk-18.0.1.1\bin\server\jvm.dll
0x00007ffc2b7e0000 - 0x00007ffc2b7e8000 	C:\Windows\System32\PSAPI.DLL
0x00007ffc25120000 - 0x00007ffc25129000 	C:\Windows\SYSTEM32\WSOCK32.dll
0x00007ffc22060000 - 0x00007ffc22087000 	C:\Windows\SYSTEM32\WINMM.dll
0x00007ffc2bbc0000 - 0x00007ffc2bc2b000 	C:\Windows\System32\WS2_32.dll
0x00007ffc288d0000 - 0x00007ffc288e2000 	C:\Windows\SYSTEM32\kernel.appcore.dll
0x00007ffc17c10000 - 0x00007ffc17c1a000 	C:\Program Files\Java\jdk-18.0.1.1\bin\jimage.dll
0x00007ffc29e80000 - 0x00007ffc2a064000 	C:\Windows\SYSTEM32\DBGHELP.DLL
0x00007ffc29e50000 - 0x00007ffc29e7c000 	C:\Windows\SYSTEM32\dbgcore.DLL
0x00007ffc2ad60000 - 0x00007ffc2ade2000 	C:\Windows\System32\bcryptPrimitives.dll
0x00007ffc072e0000 - 0x00007ffc072ee000 	C:\Program Files\Java\jdk-18.0.1.1\bin\instrument.dll
0x00007ffc08f20000 - 0x00007ffc08f45000 	C:\Program Files\Java\jdk-18.0.1.1\bin\java.dll
0x00007ffc05ff0000 - 0x00007ffc060c6000 	C:\Program Files\Java\jdk-18.0.1.1\bin\jsvml.dll
0x00007ffc2bf00000 - 0x00007ffc2c644000 	C:\Windows\System32\SHELL32.dll
0x00007ffc28120000 - 0x00007ffc288b4000 	C:\Windows\SYSTEM32\windows.storage.dll
0x00007ffc2b170000 - 0x00007ffc2b4c4000 	C:\Windows\System32\combase.dll
0x00007ffc299e0000 - 0x00007ffc29a0c000 	C:\Windows\SYSTEM32\Wldp.dll
0x00007ffc2be20000 - 0x00007ffc2becd000 	C:\Windows\System32\SHCORE.dll
0x00007ffc2ba80000 - 0x00007ffc2bad5000 	C:\Windows\System32\shlwapi.dll
0x00007ffc2a5b0000 - 0x00007ffc2a5cf000 	C:\Windows\SYSTEM32\profapi.dll
0x00007ffc170a0000 - 0x00007ffc170b3000 	C:\Program Files\Java\jdk-18.0.1.1\bin\net.dll
0x00007ffc22250000 - 0x00007ffc2235a000 	C:\Windows\SYSTEM32\WINHTTP.dll
0x00007ffc296e0000 - 0x00007ffc2974a000 	C:\Windows\system32\mswsock.dll
0x00007ffc128f0000 - 0x00007ffc12906000 	C:\Program Files\Java\jdk-18.0.1.1\bin\nio.dll
0x00007ffc07310000 - 0x00007ffc07328000 	C:\Program Files\Java\jdk-18.0.1.1\bin\zip.dll
0x00007ffc070e0000 - 0x00007ffc070fa000 	C:\Program Files\JetBrains\IntelliJ IDEA 2022.1\bin\breakgen64.dll
0x000001be623d0000 - 0x000001be623d3000 	C:\Users\Tiago\.openjfx\cache\18-ea+6\api-ms-win-core-console-l1-1-0.dll
0x000001be623e0000 - 0x000001be623e3000 	C:\Users\Tiago\.openjfx\cache\18-ea+6\api-ms-win-core-console-l1-2-0.dll
0x000001be623f0000 - 0x000001be623f3000 	C:\Users\Tiago\.openjfx\cache\18-ea+6\api-ms-win-core-datetime-l1-1-0.dll
0x000001be62400000 - 0x000001be62403000 	C:\Users\Tiago\.openjfx\cache\18-ea+6\api-ms-win-core-debug-l1-1-0.dll
0x000001be62410000 - 0x000001be62413000 	C:\Users\Tiago\.openjfx\cache\18-ea+6\api-ms-win-core-errorhandling-l1-1-0.dll
0x000001be5c6d0000 - 0x000001be5c6d4000 	C:\Users\Tiago\.openjfx\cache\18-ea+6\api-ms-win-core-file-l1-1-0.dll
0x000001be5c6e0000 - 0x000001be5c6e3000 	C:\Users\Tiago\.openjfx\cache\18-ea+6\api-ms-win-core-file-l1-2-0.dll
0x000001be5c6f0000 - 0x000001be5c6f3000 	C:\Users\Tiago\.openjfx\cache\18-ea+6\api-ms-win-core-file-l2-1-0.dll
0x000001be5c700000 - 0x000001be5c703000 	C:\Users\Tiago\.openjfx\cache\18-ea+6\api-ms-win-core-handle-l1-1-0.dll
0x000001be5c710000 - 0x000001be5c713000 	C:\Users\Tiago\.openjfx\cache\18-ea+6\api-ms-win-core-heap-l1-1-0.dll
0x000001be5c720000 - 0x000001be5c723000 	C:\Users\Tiago\.openjfx\cache\18-ea+6\api-ms-win-core-interlocked-l1-1-0.dll
0x000001be5c730000 - 0x000001be5c733000 	C:\Users\Tiago\.openjfx\cache\18-ea+6\api-ms-win-core-libraryloader-l1-1-0.dll
0x000001be5c740000 - 0x000001be5c743000 	C:\Users\Tiago\.openjfx\cache\18-ea+6\api-ms-win-core-localization-l1-2-0.dll
0x000001be5c5b0000 - 0x000001be5c5b3000 	C:\Users\Tiago\.openjfx\cache\18-ea+6\api-ms-win-core-memory-l1-1-0.dll
0x000001be5c5c0000 - 0x000001be5c5c3000 	C:\Users\Tiago\.openjfx\cache\18-ea+6\api-ms-win-core-namedpipe-l1-1-0.dll
0x000001be5c5d0000 - 0x000001be5c5d3000 	C:\Users\Tiago\.openjfx\cache\18-ea+6\api-ms-win-core-processenvironment-l1-1-0.dll
0x000001be5c5e0000 - 0x000001be5c5e3000 	C:\Users\Tiago\.openjfx\cache\18-ea+6\api-ms-win-core-processthreads-l1-1-0.dll
0x000001be5c5f0000 - 0x000001be5c5f3000 	C:\Users\Tiago\.openjfx\cache\18-ea+6\api-ms-win-core-processthreads-l1-1-1.dll
0x000001be5c600000 - 0x000001be5c603000 	C:\Users\Tiago\.openjfx\cache\18-ea+6\api-ms-win-core-profile-l1-1-0.dll
0x000001be5c610000 - 0x000001be5c613000 	C:\Users\Tiago\.openjfx\cache\18-ea+6\api-ms-win-core-rtlsupport-l1-1-0.dll
0x000001be5c620000 - 0x000001be5c623000 	C:\Users\Tiago\.openjfx\cache\18-ea+6\api-ms-win-core-string-l1-1-0.dll
0x000001be5c630000 - 0x000001be5c633000 	C:\Users\Tiago\.openjfx\cache\18-ea+6\api-ms-win-core-synch-l1-1-0.dll
0x000001be5c640000 - 0x000001be5c643000 	C:\Users\Tiago\.openjfx\cache\18-ea+6\api-ms-win-core-synch-l1-2-0.dll
0x000001be5c650000 - 0x000001be5c653000 	C:\Users\Tiago\.openjfx\cache\18-ea+6\api-ms-win-core-sysinfo-l1-1-0.dll
0x000001be5c660000 - 0x000001be5c663000 	C:\Users\Tiago\.openjfx\cache\18-ea+6\api-ms-win-core-timezone-l1-1-0.dll
0x000001be5c670000 - 0x000001be5c673000 	C:\Users\Tiago\.openjfx\cache\18-ea+6\api-ms-win-core-util-l1-1-0.dll
0x000001be5c680000 - 0x000001be5c683000 	C:\Users\Tiago\.openjfx\cache\18-ea+6\api-ms-win-crt-conio-l1-1-0.dll
0x000001be5c690000 - 0x000001be5c694000 	C:\Users\Tiago\.openjfx\cache\18-ea+6\api-ms-win-crt-convert-l1-1-0.dll
0x000001be5c6a0000 - 0x000001be5c6a3000 	C:\Users\Tiago\.openjfx\cache\18-ea+6\api-ms-win-crt-environment-l1-1-0.dll
0x000001be5c6b0000 - 0x000001be5c6b3000 	C:\Users\Tiago\.openjfx\cache\18-ea+6\api-ms-win-crt-filesystem-l1-1-0.dll
0x000001be5c6c0000 - 0x000001be5c6c3000 	C:\Users\Tiago\.openjfx\cache\18-ea+6\api-ms-win-crt-heap-l1-1-0.dll
0x000001be5c750000 - 0x000001be5c753000 	C:\Users\Tiago\.openjfx\cache\18-ea+6\api-ms-win-crt-locale-l1-1-0.dll
0x000001be5c760000 - 0x000001be5c765000 	C:\Users\Tiago\.openjfx\cache\18-ea+6\api-ms-win-crt-math-l1-1-0.dll
0x000001be5c770000 - 0x000001be5c775000 	C:\Users\Tiago\.openjfx\cache\18-ea+6\api-ms-win-crt-multibyte-l1-1-0.dll
0x000001be5c780000 - 0x000001be5c790000 	C:\Users\Tiago\.openjfx\cache\18-ea+6\api-ms-win-crt-private-l1-1-0.dll
0x000001be5c790000 - 0x000001be5c793000 	C:\Users\Tiago\.openjfx\cache\18-ea+6\api-ms-win-crt-process-l1-1-0.dll
0x000001be5c7a0000 - 0x000001be5c7a4000 	C:\Users\Tiago\.openjfx\cache\18-ea+6\api-ms-win-crt-runtime-l1-1-0.dll
0x000001be5c7b0000 - 0x000001be5c7b4000 	C:\Users\Tiago\.openjfx\cache\18-ea+6\api-ms-win-crt-stdio-l1-1-0.dll
0x000001be5c7c0000 - 0x000001be5c7c4000 	C:\Users\Tiago\.openjfx\cache\18-ea+6\api-ms-win-crt-string-l1-1-0.dll
0x000001be5c7d0000 - 0x000001be5c7d3000 	C:\Users\Tiago\.openjfx\cache\18-ea+6\api-ms-win-crt-time-l1-1-0.dll
0x000001be5c7e0000 - 0x000001be5c7e3000 	C:\Users\Tiago\.openjfx\cache\18-ea+6\api-ms-win-crt-utility-l1-1-0.dll
0x00007ffc055c0000 - 0x00007ffc056bc000 	C:\Users\Tiago\.openjfx\cache\18-ea+6\ucrtbase.dll
0x00007ffc070c0000 - 0x00007ffc070da000 	C:\Users\Tiago\.openjfx\cache\18-ea+6\vcruntime140.dll
0x00007ffc072d0000 - 0x00007ffc072dc000 	C:\Users\Tiago\.openjfx\cache\18-ea+6\vcruntime140_1.dll
0x00007ffc05110000 - 0x00007ffc0519d000 	C:\Users\Tiago\.openjfx\cache\18-ea+6\msvcp140.dll
0x00007ffc07090000 - 0x00007ffc070ba000 	C:\Users\Tiago\.openjfx\cache\18-ea+6\prism_d3d.dll
0x00007ffbf3910000 - 0x00007ffbf3adf000 	C:\Windows\system32\d3d9.dll
0x00007ffc27490000 - 0x00007ffc274bf000 	C:\Windows\SYSTEM32\dwmapi.dll
0x00007ffc27120000 - 0x00007ffc271be000 	C:\Windows\system32\uxtheme.dll
0x00007ffc22090000 - 0x00007ffc22249000 	C:\Windows\System32\DriverStore\FileRepository\u0378696.inf_amd64_2c307981b1862a92\B378675\aticfx64.dll
0x00007ffc06fd0000 - 0x00007ffc07004000 	C:\Windows\System32\DriverStore\FileRepository\u0378696.inf_amd64_2c307981b1862a92\B378675\atiu9p64.dll
0x00007ffbfed20000 - 0x00007ffbffa76000 	C:\Windows\System32\DriverStore\FileRepository\u0378696.inf_amd64_2c307981b1862a92\B378675\atiumd64.dll
0x00007ffc2bc30000 - 0x00007ffc2bd5a000 	C:\Windows\System32\ole32.dll
0x0000000059c90000 - 0x000000005ab5b000 	C:\Windows\System32\DriverStore\FileRepository\u0378696.inf_amd64_2c307981b1862a92\B378675\atiumd6a.dll
0x00007ffc2c650000 - 0x00007ffc2cac1000 	C:\Windows\System32\SETUPAPI.dll
0x00007ffc2a0f0000 - 0x00007ffc2a13b000 	C:\Windows\SYSTEM32\POWRPROF.dll
0x00007ffc2aef0000 - 0x00007ffc2af3e000 	C:\Windows\System32\cfgmgr32.dll
0x00007ffc2a670000 - 0x00007ffc2a697000 	C:\Windows\System32\bcrypt.dll
0x00007ffc29e10000 - 0x00007ffc29e22000 	C:\Windows\SYSTEM32\UMPDC.dll
0x00007ffc20060000 - 0x00007ffc20090000 	C:\Windows\SYSTEM32\amdihk64.dll
0x00007ffc06740000 - 0x00007ffc06782000 	C:\Users\Tiago\.openjfx\cache\18-ea+6\glass.dll
0x00007ffc2bae0000 - 0x00007ffc2bbbb000 	C:\Windows\System32\COMDLG32.dll
0x00007ffc2b9b0000 - 0x00007ffc2ba7d000 	C:\Windows\System32\OLEAUT32.dll
0x00007ffc2ce00000 - 0x00007ffc2cf15000 	C:\Windows\System32\MSCTF.dll
0x00007ffc223c0000 - 0x00007ffc223fb000 	C:\Windows\SYSTEM32\dxcore.dll

dbghelp: loaded successfully - version: 4.0.5 - missing functions: none
symbol engine: initialized successfully - sym options: 0x614 - pdb path: .;C:\Program Files\Java\jdk-18.0.1.1\bin;C:\Windows\SYSTEM32;C:\Windows\WinSxS\amd64_microsoft.windows.common-controls_6595b64144ccf1df_6.0.19041.1110_none_60b5254171f9507e;C:\Program Files\Java\jdk-18.0.1.1\bin\server;C:\Program Files\JetBrains\IntelliJ IDEA 2022.1\bin;C:\Users\Tiago\.openjfx\cache\18-ea+6;C:\Windows\System32\DriverStore\FileRepository\u0378696.inf_amd64_2c307981b1862a92\B378675

VM Arguments:
jvm_args: -javaagent:C:\Program Files\JetBrains\IntelliJ IDEA 2022.1\lib\idea_rt.jar=62654:C:\Program Files\JetBrains\IntelliJ IDEA 2022.1\bin -Dfile.encoding=UTF-8 --module-path=C:\Users\Tiago\.m2\repository\org\openjfx\javafx-graphics\18-ea+6\javafx-graphics-18-ea+6-win.jar;C:\Program Files (x86)\Java\javafx-sdk-18.0.1\lib\javafx.graphics.jar;C:\Users\Tiago\.m2\repository\org\openjfx\javafx-media\18-ea+6\javafx-media-18-ea+6-win.jar;C:\Program Files (x86)\Java\javafx-sdk-18.0.1\lib\javafx.media.jar;C:\Users\Tiago\.m2\repository\org\openjfx\javafx-web\18-ea+6\javafx-web-18-ea+6-win.jar;C:\Program Files (x86)\Java\javafx-sdk-18.0.1\lib\javafx.web.jar;C:\Users\Tiago\.m2\repository\com\fasterxml\jackson\core\jackson-annotations\2.12.1\jackson-annotations-2.12.1.jar;C:\Users\Tiago\.m2\repository\com\github\almasb\fxgl-entity\17\fxgl-entity-17.jar;C:\Users\Tiago\.m2\repository\org\openjfx\javafx-fxml\18-ea+6\javafx-fxml-18-ea+6-win.jar;C:\Program Files (x86)\Java\javafx-sdk-18.0.1\lib\javafx.fxml.jar;C:\Users\Tiago\.m2\repository\org\kordamp\ikonli\ikonli-core\12.3.0\ikonli-core-12.3.0.jar;C:\Users\Tiago\.m2\repository\com\github\almasb\fxgl\17\fxgl-17.jar;C:\Users\Tiago\.m2\repository\com\dlsc\formsfx\formsfx-core\11.3.2\formsfx-core-11.3.2.jar;C:\Users\Tiago\.m2\repository\com\gluonhq\attach\audio\4.0.9\audio-4.0.9.jar;C:\Users\Tiago\.m2\repository\com\gluonhq\attach\util\4.0.9\util-4.0.9.jar;C:\Users\Tiago\.m2\repository\org\kordamp\ikonli\ikonli-javafx\12.3.0\ikonli-javafx-12.3.0.jar;C:\Users\Tiago\.m2\repository\org\kordamp\bootstrapfx\bootstrapfx-core\0.4.0\bootstrapfx-core-0.4.0.jar;C:\Users\Tiago\.m2\repository\org\jetbrains\kotlin\kotlin-stdlib\1.5.32\kotlin-stdlib-1.5.32-modular.jar;C:\Users\Tiago\.m2\repository\com\github\almasb\fxgl-scene\17\fxgl-scene-17.jar;C:\Users\Tiago\.m2\repository\com\gluonhq\attach\lifecycle\4.0.9\lifecycle-4.0.9.jar;C:\Users\Tiago\Desktop\javafx\calculadora\target\classes;C:\Users\Tiago\.m2\repository\eu\hansolo\tilesfx\11.48\tilesfx-11.48.jar;C:\Users\Tiago\.m2\repository\com\fasterxml\jackson\core\jackson-core\2.12.1\jackson-core-2.12.1.jar;C:\Users\Tiago\.m2\repository\org\openjfx\javafx-control-Djdk.module.main=calculadora
java_command: calculadora/calculadora.main.Main
java_class_path (initial): C:\Users\Tiago\.m2\repository\org\openjfx\javafx-controls\18-ea+6\javafx-controls-18-ea+6.jar;C:\Users\Tiago\.m2\repository\org\openjfx\javafx-graphics\18-ea+6\javafx-graphics-18-ea+6.jar;C:\Users\Tiago\.m2\repository\org\openjfx\javafx-base\18-ea+6\javafx-base-18-ea+6.jar;C:\Users\Tiago\.m2\repository\org\openjfx\javafx-fxml\18-ea+6\javafx-fxml-18-ea+6.jar;C:\Users\Tiago\.m2\repository\org\openjfx\javafx-web\18-ea+6\javafx-web-18-ea+6.jar;C:\Users\Tiago\.m2\repository\org\openjfx\javafx-media\18-ea+6\javafx-media-18-ea+6.jar;C:\Users\Tiago\.m2\repository\org\jetbrains\annotations\13.0\annotations-13.0.jar;C:\Users\Tiago\.m2\repository\org\jetbrains\kotlin\kotlin-stdlib-common\1.5.32\kotlin-stdlib-common-1.5.32.jar;C:\Program Files (x86)\Java\javafx-sdk-18.0.1\lib\javafx-swt.jar;C:\Program Files (x86)\Java\javafx-sdk-18.0.1\lib\javafx.swing.jar
Launcher Type: SUN_STANDARD

[Global flags]
     intx CICompilerCount                          = 4                                         {product} {ergonomic}
     uint ConcGCThreads                            = 3                                         {product} {ergonomic}
     uint G1ConcRefinementThreads                  = 10                                        {product} {ergonomic}
   size_t G1HeapRegionSize                         = 2097152                                   {product} {ergonomic}
    uintx GCDrainStackTargetSize                   = 64                                        {product} {ergonomic}
   size_t InitialHeapSize                          = 218103808                                 {product} {ergonomic}
   size_t MarkStackSize                            = 4194304                                   {product} {ergonomic}
   size_t MaxHeapSize                              = 3462397952                                {product} {ergonomic}
   size_t MaxNewSize                               = 2076180480                                {product} {ergonomic}
   size_t MinHeapDeltaBytes                        = 2097152                                   {product} {ergonomic}
   size_t MinHeapSize                              = 8388608                                   {product} {ergonomic}
    uintx NonNMethodCodeHeapSize                   = 5839372                                {pd product} {ergonomic}
    uintx NonProfiledCodeHeapSize                  = 122909434                              {pd product} {ergonomic}
    uintx ProfiledCodeHeapSize                     = 122909434                              {pd product} {ergonomic}
    uintx ReservedCodeCacheSize                    = 251658240                              {pd product} {ergonomic}
     bool SegmentedCodeCache                       = true                                      {product} {ergonomic}
   size_t SoftMaxHeapSize                          = 3462397952                             {manageable} {ergonomic}
     bool UseCompressedClassPointers               = true                           {product lp64_product} {ergonomic}
     bool UseCompressedOops                        = true                           {product lp64_product} {ergonomic}
     bool UseG1GC                                  = true                                      {product} {ergonomic}
     bool UseLargePagesIndividualAllocation        = false                                  {pd product} {ergonomic}

Logging:
Log output configuration:
 #0: stdout all=warning uptime,level,tags foldmultilines=false
 #1: stderr all=off uptime,level,tags foldmultilines=false

Environment Variables:
PATH=C:\Program Files (x86)\Common Files\Oracle\Java\javapath;C:\Program Files\Common Files\Oracle\Java\javapath;C:\Windows\system32;C:\Windows;C:\Windows\System32\Wbem;C:\Windows\System32\WindowsPowerShell\v1.0\;C:\Windows\System32\OpenSSH\;C:/windows/system32;C:\Users\Tiago\AppData\Local\Programs\Microsoft VS Code\bin;C:\Program Files\JetBrains\IntelliJ IDEA 2022.1\bin;
USERNAME=Tiago
OS=Windows_NT
PROCESSOR_IDENTIFIER=AMD64 Family 25 Model 80 Stepping 0, AuthenticAMD



---------------  S Y S T E M  ---------------

OS:
 Windows 10 , 64 bit Build 19041 (10.0.19041.1706)
OS uptime: 0 days 4:13 hours

CPU: total 12 (initial active 12) (12 cores per cpu, 2 threads per core) family 25 model 80 stepping 0 microcode 0x0, cx8, cmov, fxsr, ht, mmx, 3dnowpref, sse, sse2, sse3, ssse3, sse4a, sse4.1, sse4.2, popcnt, lzcnt, tsc, tscinvbit, avx, avx2, aes, erms, clmul, bmi1, bmi2, adx, sha, fma, vzeroupper, clflush, clflushopt

Memory: 4k page, system-wide physical 13201M (7204M free)
TotalPageFile size 26513M (AvailPageFile size 17549M)
current process WorkingSet (physical memory assigned to process): 103M, peak: 103M
current process commit charge ("private bytes"): 344M, peak: 344M

vm_info: Java HotSpot(TM) 64-Bit Server VM (18.0.1.1+2-6) for windows-amd64 JRE (18.0.1.1+2-6), built on Apr 25 2022 21:53:15 by "mach5one" with MS VC++ 16.8 / 16.9 (VS2019)

END.
